Task 1:

    1  wc -l last.fake
    2  wc -l last.fake >> Assignment3.txt
    3  cat Assignment3.txt 
    4  grep sp24 | wc -l
    5  ls
    6  grep sp24 | wc -l
    7  grep "sp24" last.fake
    8  grep "sp24" last.fake | wc -l
    9  wc -l last.fake
   10  grep "sp24" last.fake | wc -l >> Assignment3.txt
   11  nano Assignment3.txt 
   12  grep -v "sp24" last.fake >> Assignment3.txt
   13  grep "sp24" > lastsp24.fake
   14  grep "sp24" last.fake > lastsp24.fake
   15  head lastsp24
   16  head lastsp24.fake
   17  history >> cmds.log

Task 2:
I forgot to export my cmds.log to this file, but I used this command: 
grep ' Sun ' lastsp24.fake | awk '{print $1}' | sort | uniq | awk 'BEGIN{print "The list of people who worked on Sunday are:"} {print} END{print "Kudos to these people for putting in the work"}'

Task 3:
    1  ls
    2  awk '$6 ~ /^([23]|[0-4]):/ {print $1}' lastsp24.fake | sort | uniq | awk 'BEGIN{print "Night Owls List:"} {print} END{print "Night Owls are dope. Please ensure you get enough sleep though."}'
    3  awk '$6 ~ /^([23]|0[0-4]):/ {print $1}' lastsp24.fake | sort | uniq | awk 'BEGIN{print "Night Owls List:"} {print} END{print "Night Owls are dope. Please ensure you get enough sleep though."}'
    4  cat lastsp24.fake
    5  awk '$6 ~ /^([23]|0[0-4]):/ {print $1}' lastsp24.fake | sort | uniq | awk 'BEGIN{print "Night Owls List:"} {print} END{print "Night Owls are dope. Please ensure you get enough sleep though."}' >> Assignment3.txt
    6  history >> cmds.log

Task 4:

    1  awk '$6 ~ /^0[5-9]:/ || $6 ~ /^0[0-8]:/ {print $1}' lastsp24.fake | sort | uniq | awk 'BEGIN{print "Early Birds List:"} {print} END{print "Early Birds are dope. Please ensure you get enough sleep though."}'
    2  nano Assignment3.txt
    3  nano cmds.log
    4  awk '$6 ~ /^0[5-9]:/ || $6 ~ /^0[0-8]:/ {print $1}' lastsp24.fake | sort | uniq | awk 'BEGIN{print "Early Birds List:"} {print} END{print "Early Birds are dope. Please ensure you get enough sleep though."}' >> Assignment3.txt
    5  history >> cmds.log

Task 5:

    1  awk '$6 ~ /^0[5-9]:/ || $6 ~ /^0[0-8]:/ {print $1}' lastsp24.fake | sort | uniq | awk 'BEGIN{print "Early Birds List:"} {print} END{print "Early Birds are dope. Please ensure you get enough sleep though."}'
    2  nano Assignment3.txt
    3  nano cmds.log
    4  awk '$6 ~ /^0[5-9]:/ || $6 ~ /^0[0-8]:/ {print $1}' lastsp24.fake | sort | uniq | awk 'BEGIN{print "Early Birds List:"} {print} END{print "Early Birds are dope. Please ensure you get enough sleep though."}' >> Assignment3.txt
    5  history >> cmds.log
    6  nano cmds.log
    7  nano Assignment3.txt 
    8  awk awk '/^t*/ { print $1, $3 }' lastsp24.fake
    9  awk '/^t*/ { print $1, $3 }' lastsp24.fake
   10  awk '/^t*&/ { print $1, $3 }' lastsp24.fake
   11  awk '/^t*/ { print $1, $3 }' lastsp24.fake
   12  awk '/^t.*/ { print $1, $3 }' lastsp24.fake
   13  awk '/^t.*/ { print $1, $3 }' lastsp24.fake >> Assignment3.txt
   14  history >> cmds.log

Task 6:
    1  cat passwd.fake 
    2  awk -F: '$1 ~ /^a/ && $3 % 2 == 0 { print $1 }' passwd.fake
    3  awk -F: '$1 ~ /^a/ && $3 % 2 == 0 { print $1 }' passwd.fake >> Assignment3.txt
    4  history >> cmds.log

Task 7:

    1  cat passwd.fake 
    2  awk -F: '$1 ~ /^a/ && $3 % 2 == 0 { print $1 }' passwd.fake
    3  awk -F: '$1 ~ /^a/ && $3 % 2 == 0 { print $1 }' passwd.fake >> Assignment3.txt
    4  history >> cmds.log
    5  nano cmds.log
    6  nano Assignment3.txt 
    7  nano cmds.log 
    8  nano cmds.log
    9  sed 's/[^a-z0-9 ]//g' passwd.fake | sort -u
   10  sed 's/[^a-z0-9 ]//g' passwd.fake | sort -u >> Assignment3.txt
   11  history >> cmds.log
